c:\users\loukd\desktop\nos\src\drivers\acpi\generate\msvc2017\acpisubsystem\ahids.obj
c:\users\loukd\desktop\nos\src\drivers\acpi\generate\msvc2017\acpisubsystem\dmswitch.obj
c:\users\loukd\desktop\nos\src\drivers\acpi\generate\msvc2017\acpisubsystem\dbdisply.obj
c:\users\loukd\desktop\nos\src\drivers\acpi\generate\msvc2017\acpisubsystem\dbutils.obj
c:\users\loukd\desktop\nos\src\drivers\acpi\generate\msvc2017\acpisubsystem\dmopcode.obj
c:\users\loukd\desktop\nos\src\drivers\acpi\generate\msvc2017\acpisubsystem\dmutils.obj
c:\users\loukd\desktop\nos\src\drivers\acpi\generate\msvc2017\acpisubsystem\dsmthdat.obj
c:\users\loukd\desktop\nos\src\drivers\acpi\generate\msvc2017\acpisubsystem\dswload2.obj
c:\users\loukd\desktop\nos\src\drivers\acpi\generate\msvc2017\acpisubsystem\evgpeutil.obj
c:\users\loukd\desktop\nos\src\drivers\acpi\generate\msvc2017\acpisubsystem\evxfregn.obj
c:\users\loukd\desktop\nos\src\drivers\acpi\generate\msvc2017\acpisubsystem\exdebug.obj
c:\users\loukd\desktop\nos\src\drivers\acpi\generate\msvc2017\acpisubsystem\exoparg2.obj
c:\users\loukd\desktop\nos\src\drivers\acpi\generate\msvc2017\acpisubsystem\exstore.obj
c:\users\loukd\desktop\nos\src\drivers\acpi\generate\msvc2017\acpisubsystem\hwesleep.obj
c:\users\loukd\desktop\nos\src\drivers\acpi\generate\msvc2017\acpisubsystem\hwxfsleep.obj
c:\users\loukd\desktop\nos\src\drivers\acpi\generate\msvc2017\acpisubsystem\nsinit.obj
c:\users\loukd\desktop\nos\src\drivers\acpi\generate\msvc2017\acpisubsystem\nsrepair2.obj
c:\users\loukd\desktop\nos\src\drivers\acpi\generate\msvc2017\acpisubsystem\psloop.obj
c:\users\loukd\desktop\nos\src\drivers\acpi\generate\msvc2017\acpisubsystem\psutils.obj
c:\users\loukd\desktop\nos\src\drivers\acpi\generate\msvc2017\acpisubsystem\rsinfo.obj
c:\users\loukd\desktop\nos\src\drivers\acpi\generate\msvc2017\acpisubsystem\rsmisc.obj
c:\users\loukd\desktop\nos\src\drivers\acpi\generate\msvc2017\acpisubsystem\tbutils.obj
c:\users\loukd\desktop\nos\src\drivers\acpi\generate\msvc2017\acpisubsystem\utcksum.obj
c:\users\loukd\desktop\nos\src\drivers\acpi\generate\msvc2017\acpisubsystem\utexcep.obj
c:\users\loukd\desktop\nos\src\drivers\acpi\generate\msvc2017\acpisubsystem\utobject.obj
c:\users\loukd\desktop\nos\src\drivers\acpi\generate\msvc2017\acpisubsystem\utstate.obj
c:\users\loukd\desktop\nos\src\drivers\acpi\generate\msvc2017\acpisubsystem\utxfinit.obj
c:\users\loukd\desktop\nos\src\drivers\acpi\generate\msvc2017\acpisubsystem\cmfsize.obj
c:\users\loukd\desktop\nos\src\drivers\acpi\generate\msvc2017\acpisubsystem\dbconvert.obj
c:\users\loukd\desktop\nos\src\drivers\acpi\generate\msvc2017\acpisubsystem\dbobject.obj
c:\users\loukd\desktop\nos\src\drivers\acpi\generate\msvc2017\acpisubsystem\dmcstyle.obj
c:\users\loukd\desktop\nos\src\drivers\acpi\generate\msvc2017\acpisubsystem\dmresrcs.obj
c:\users\loukd\desktop\nos\src\drivers\acpi\generate\msvc2017\acpisubsystem\dsmethod.obj
c:\users\loukd\desktop\nos\src\drivers\acpi\generate\msvc2017\acpisubsystem\dswscope.obj
c:\users\loukd\desktop\nos\src\drivers\acpi\generate\msvc2017\acpisubsystem\evmisc.obj
c:\users\loukd\desktop\nos\src\drivers\acpi\generate\msvc2017\acpisubsystem\evxfevnt.obj
c:\users\loukd\desktop\nos\src\drivers\acpi\generate\msvc2017\acpisubsystem\exfldio.obj
c:\users\loukd\desktop\nos\src\drivers\acpi\generate\msvc2017\acpisubsystem\exprep.obj
c:\users\loukd\desktop\nos\src\drivers\acpi\generate\msvc2017\acpisubsystem\exutils.obj
c:\users\loukd\desktop\nos\src\drivers\acpi\generate\msvc2017\acpisubsystem\hwvalid.obj
c:\users\loukd\desktop\nos\src\drivers\acpi\generate\msvc2017\acpisubsystem\nsconvert.obj
c:\users\loukd\desktop\nos\src\drivers\acpi\generate\msvc2017\acpisubsystem\nsnames.obj
c:\users\loukd\desktop\nos\src\drivers\acpi\generate\msvc2017\acpisubsystem\nsutils.obj
c:\users\loukd\desktop\nos\src\drivers\acpi\generate\msvc2017\acpisubsystem\psopinfo.obj
c:\users\loukd\desktop\nos\src\drivers\acpi\generate\msvc2017\acpisubsystem\rscalc.obj
c:\users\loukd\desktop\nos\src\drivers\acpi\generate\msvc2017\acpisubsystem\rsxface.obj
c:\users\loukd\desktop\nos\src\drivers\acpi\generate\msvc2017\acpisubsystem\utalloc.obj
c:\users\loukd\desktop\nos\src\drivers\acpi\generate\msvc2017\acpisubsystem\utdebug.obj
c:\users\loukd\desktop\nos\src\drivers\acpi\generate\msvc2017\acpisubsystem\uthex.obj
c:\users\loukd\desktop\nos\src\drivers\acpi\generate\msvc2017\acpisubsystem\utnonansi.obj
c:\users\loukd\desktop\nos\src\drivers\acpi\generate\msvc2017\acpisubsystem\utresdecode.obj
c:\users\loukd\desktop\nos\src\drivers\acpi\generate\msvc2017\acpisubsystem\utxface.obj
c:\users\loukd\desktop\nos\src\drivers\acpi\generate\msvc2017\acpisubsystem\ahtable.obj
c:\users\loukd\desktop\nos\src\drivers\acpi\generate\msvc2017\acpisubsystem\getopt.obj
c:\users\loukd\desktop\nos\src\drivers\acpi\generate\msvc2017\acpisubsystem\dbfileio.obj
c:\users\loukd\desktop\nos\src\drivers\acpi\generate\msvc2017\acpisubsystem\dbstats.obj
c:\users\loukd\desktop\nos\src\drivers\acpi\generate\msvc2017\acpisubsystem\dmresrc.obj
c:\users\loukd\desktop\nos\src\drivers\acpi\generate\msvc2017\acpisubsystem\dsfield.obj
c:\users\loukd\desktop\nos\src\drivers\acpi\generate\msvc2017\acpisubsystem\dsopcode.obj
c:\users\loukd\desktop\nos\src\drivers\acpi\generate\msvc2017\acpisubsystem\evevent.obj
c:\users\loukd\desktop\nos\src\drivers\acpi\generate\msvc2017\acpisubsystem\evsci.obj
c:\users\loukd\desktop\nos\src\drivers\acpi\generate\msvc2017\acpisubsystem\exconvrt.obj
c:\users\loukd\desktop\nos\src\drivers\acpi\generate\msvc2017\acpisubsystem\exoparg3.obj
c:\users\loukd\desktop\nos\src\drivers\acpi\generate\msvc2017\acpisubsystem\exstoren.obj
c:\users\loukd\desktop\nos\src\drivers\acpi\generate\msvc2017\acpisubsystem\hwpci.obj
c:\users\loukd\desktop\nos\src\drivers\acpi\generate\msvc2017\acpisubsystem\nsarguments.obj
c:\users\loukd\desktop\nos\src\drivers\acpi\generate\msvc2017\acpisubsystem\nsparse.obj
c:\users\loukd\desktop\nos\src\drivers\acpi\generate\msvc2017\acpisubsystem\nswalk.obj
c:\users\loukd\desktop\nos\src\drivers\acpi\generate\msvc2017\acpisubsystem\psobject.obj
c:\users\loukd\desktop\nos\src\drivers\acpi\generate\msvc2017\acpisubsystem\rsaddr.obj
c:\users\loukd\desktop\nos\src\drivers\acpi\generate\msvc2017\acpisubsystem\rslist.obj
c:\users\loukd\desktop\nos\src\drivers\acpi\generate\msvc2017\acpisubsystem\tbdata.obj
c:\users\loukd\desktop\nos\src\drivers\acpi\generate\msvc2017\acpisubsystem\tbxfroot.obj
c:\users\loukd\desktop\nos\src\drivers\acpi\generate\msvc2017\acpisubsystem\utcopy.obj
c:\users\loukd\desktop\nos\src\drivers\acpi\generate\msvc2017\acpisubsystem\utlock.obj
c:\users\loukd\desktop\nos\src\drivers\acpi\generate\msvc2017\acpisubsystem\utpredef.obj
c:\users\loukd\desktop\nos\src\drivers\acpi\generate\msvc2017\acpisubsystem\utuuid.obj
c:\users\loukd\desktop\nos\src\drivers\acpi\generate\msvc2017\acpisubsystem\acfileio.obj
c:\users\loukd\desktop\nos\src\drivers\acpi\generate\msvc2017\acpisubsystem\dmtbinfo.obj
c:\users\loukd\desktop\nos\src\drivers\acpi\generate\msvc2017\acpisubsystem\dbexec.obj
c:\users\loukd\desktop\nos\src\drivers\acpi\generate\msvc2017\acpisubsystem\dbtest.obj
c:\users\loukd\desktop\nos\src\drivers\acpi\generate\msvc2017\acpisubsystem\dmresrcl.obj
c:\users\loukd\desktop\nos\src\drivers\acpi\generate\msvc2017\acpisubsystem\dsdebug.obj
c:\users\loukd\desktop\nos\src\drivers\acpi\generate\msvc2017\acpisubsystem\dsutils.obj
c:\users\loukd\desktop\nos\src\drivers\acpi\generate\msvc2017\acpisubsystem\evgpeinit.obj
c:\users\loukd\desktop\nos\src\drivers\acpi\generate\msvc2017\acpisubsystem\evxfgpe.obj
c:\users\loukd\desktop\nos\src\drivers\acpi\generate\msvc2017\acpisubsystem\exfield.obj
c:\users\loukd\desktop\nos\src\drivers\acpi\generate\msvc2017\acpisubsystem\exoparg1.obj
c:\users\loukd\desktop\nos\src\drivers\acpi\generate\msvc2017\acpisubsystem\exresop.obj
c:\users\loukd\desktop\nos\src\drivers\acpi\generate\msvc2017\acpisubsystem\hwsleep.obj
c:\users\loukd\desktop\nos\src\drivers\acpi\generate\msvc2017\acpisubsystem\nsdumpdv.obj
c:\users\loukd\desktop\nos\src\drivers\acpi\generate\msvc2017\acpisubsystem\nsprepkg.obj
c:\users\loukd\desktop\nos\src\drivers\acpi\generate\msvc2017\acpisubsystem\nsxfobj.obj
c:\users\loukd\desktop\nos\src\drivers\acpi\generate\msvc2017\acpisubsystem\psxface.obj
c:\users\loukd\desktop\nos\src\drivers\acpi\generate\msvc2017\acpisubsystem\rsirq.obj
c:\users\loukd\desktop\nos\src\drivers\acpi\generate\msvc2017\acpisubsystem\tbfind.obj
c:\users\loukd\desktop\nos\src\drivers\acpi\generate\msvc2017\acpisubsystem\utaddress.obj
c:\users\loukd\desktop\nos\src\drivers\acpi\generate\msvc2017\acpisubsystem\utclib.obj
c:\users\loukd\desktop\nos\src\drivers\acpi\generate\msvc2017\acpisubsystem\utglobal.obj
c:\users\loukd\desktop\nos\src\drivers\acpi\generate\msvc2017\acpisubsystem\utmutex.obj
c:\users\loukd\desktop\nos\src\drivers\acpi\generate\msvc2017\acpisubsystem\utstring.obj
c:\users\loukd\desktop\nos\src\drivers\acpi\generate\msvc2017\acpisubsystem\ahpredef.obj
c:\users\loukd\desktop\nos\src\drivers\acpi\generate\msvc2017\acpisubsystem\dmtbinfo3.obj
c:\users\loukd\desktop\nos\src\drivers\acpi\generate\msvc2017\acpisubsystem\dbinput.obj
c:\users\loukd\desktop\nos\src\drivers\acpi\generate\msvc2017\acpisubsystem\dmdeferred.obj
c:\users\loukd\desktop\nos\src\drivers\acpi\generate\msvc2017\acpisubsystem\dmwalk.obj
c:\users\loukd\desktop\nos\src\drivers\acpi\generate\msvc2017\acpisubsystem\dspkginit.obj
c:\users\loukd\desktop\nos\src\drivers\acpi\generate\msvc2017\acpisubsystem\evglock.obj
c:\users\loukd\desktop\nos\src\drivers\acpi\generate\msvc2017\acpisubsystem\evhandler.obj
c:\users\loukd\desktop\nos\src\drivers\acpi\generate\msvc2017\acpisubsystem\exconfig.obj
c:\users\loukd\desktop\nos\src\drivers\acpi\generate\msvc2017\acpisubsystem\exmisc.obj
c:\users\loukd\desktop\nos\src\drivers\acpi\generate\msvc2017\acpisubsystem\exoparg6.obj
c:\users\loukd\desktop\nos\src\drivers\acpi\generate\msvc2017\acpisubsystem\exstorob.obj
c:\users\loukd\desktop\nos\src\drivers\acpi\generate\msvc2017\acpisubsystem\hwregs.obj
c:\users\loukd\desktop\nos\src\drivers\acpi\generate\msvc2017\acpisubsystem\nsdump.obj
c:\users\loukd\desktop\nos\src\drivers\acpi\generate\msvc2017\acpisubsystem\nsobject.obj
c:\users\loukd\desktop\nos\src\drivers\acpi\generate\msvc2017\acpisubsystem\nssearch.obj
c:\users\loukd\desktop\nos\src\drivers\acpi\generate\msvc2017\acpisubsystem\psopcode.obj
c:\users\loukd\desktop\nos\src\drivers\acpi\generate\msvc2017\acpisubsystem\pswalk.obj
c:\users\loukd\desktop\nos\src\drivers\acpi\generate\msvc2017\acpisubsystem\rsio.obj
c:\users\loukd\desktop\nos\src\drivers\acpi\generate\msvc2017\acpisubsystem\rsserial.obj
c:\users\loukd\desktop\nos\src\drivers\acpi\generate\msvc2017\acpisubsystem\tbxface.obj
c:\users\loukd\desktop\nos\src\drivers\acpi\generate\msvc2017\acpisubsystem\utcache.obj
c:\users\loukd\desktop\nos\src\drivers\acpi\generate\msvc2017\acpisubsystem\uterror.obj
c:\users\loukd\desktop\nos\src\drivers\acpi\generate\msvc2017\acpisubsystem\utmath.obj
c:\users\loukd\desktop\nos\src\drivers\acpi\generate\msvc2017\acpisubsystem\utstrsuppt.obj
c:\users\loukd\desktop\nos\src\drivers\acpi\generate\msvc2017\acpisubsystem\ahuuids.obj
c:\users\loukd\desktop\nos\src\drivers\acpi\generate\msvc2017\acpisubsystem\dmtbinfo1.obj
c:\users\loukd\desktop\nos\src\drivers\acpi\generate\msvc2017\acpisubsystem\dbmethod.obj
c:\users\loukd\desktop\nos\src\drivers\acpi\generate\msvc2017\acpisubsystem\dmbuffer.obj
c:\users\loukd\desktop\nos\src\drivers\acpi\generate\msvc2017\acpisubsystem\dsargs.obj
c:\users\loukd\desktop\nos\src\drivers\acpi\generate\msvc2017\acpisubsystem\dsobject.obj
c:\users\loukd\desktop\nos\src\drivers\acpi\generate\msvc2017\acpisubsystem\dswstate.obj
c:\users\loukd\desktop\nos\src\drivers\acpi\generate\msvc2017\acpisubsystem\evregion.obj
c:\users\loukd\desktop\nos\src\drivers\acpi\generate\msvc2017\acpisubsystem\exconcat.obj
c:\users\loukd\desktop\nos\src\drivers\acpi\generate\msvc2017\acpisubsystem\exmutex.obj
c:\users\loukd\desktop\nos\src\drivers\acpi\generate\msvc2017\acpisubsystem\exresnte.obj
c:\users\loukd\desktop\nos\src\drivers\acpi\generate\msvc2017\acpisubsystem\hwacpi.obj
c:\users\loukd\desktop\nos\src\drivers\acpi\generate\msvc2017\acpisubsystem\nsaccess.obj
c:\users\loukd\desktop\nos\src\drivers\acpi\generate\msvc2017\acpisubsystem\nsload.obj
c:\users\loukd\desktop\nos\src\drivers\acpi\generate\msvc2017\acpisubsystem\nsxfname.obj
c:\users\loukd\desktop\nos\src\drivers\acpi\generate\msvc2017\acpisubsystem\psparse.obj
c:\users\loukd\desktop\nos\src\drivers\acpi\generate\msvc2017\acpisubsystem\rsdump.obj
c:\users\loukd\desktop\nos\src\drivers\acpi\generate\msvc2017\acpisubsystem\tbinstal.obj
c:\users\loukd\desktop\nos\src\drivers\acpi\generate\msvc2017\acpisubsystem\tbxfload.obj
c:\users\loukd\desktop\nos\src\drivers\acpi\generate\msvc2017\acpisubsystem\utdelete.obj
c:\users\loukd\desktop\nos\src\drivers\acpi\generate\msvc2017\acpisubsystem\utinit.obj
c:\users\loukd\desktop\nos\src\drivers\acpi\generate\msvc2017\acpisubsystem\utownerid.obj
c:\users\loukd\desktop\nos\src\drivers\acpi\generate\msvc2017\acpisubsystem\uttrack.obj
c:\users\loukd\desktop\nos\src\drivers\acpi\generate\msvc2017\acpisubsystem\utxfmutex.obj
c:\users\loukd\desktop\nos\src\drivers\acpi\generate\msvc2017\acpisubsystem\adwalk.obj
c:\users\loukd\desktop\nos\src\drivers\acpi\generate\msvc2017\acpisubsystem\dmtbinfo2.obj
c:\users\loukd\desktop\nos\src\drivers\acpi\generate\msvc2017\acpisubsystem\dbnames.obj
c:\users\loukd\desktop\nos\src\drivers\acpi\generate\msvc2017\acpisubsystem\dmnames.obj
c:\users\loukd\desktop\nos\src\drivers\acpi\generate\msvc2017\acpisubsystem\dscontrol.obj
c:\users\loukd\desktop\nos\src\drivers\acpi\generate\msvc2017\acpisubsystem\dswexec.obj
c:\users\loukd\desktop\nos\src\drivers\acpi\generate\msvc2017\acpisubsystem\evgpeblk.obj
c:\users\loukd\desktop\nos\src\drivers\acpi\generate\msvc2017\acpisubsystem\evxface.obj
c:\users\loukd\desktop\nos\src\drivers\acpi\generate\msvc2017\acpisubsystem\exdump.obj
c:\users\loukd\desktop\nos\src\drivers\acpi\generate\msvc2017\acpisubsystem\exregion.obj
c:\users\loukd\desktop\nos\src\drivers\acpi\generate\msvc2017\acpisubsystem\exsystem.obj
c:\users\loukd\desktop\nos\src\drivers\acpi\generate\msvc2017\acpisubsystem\hwtimer.obj
c:\users\loukd\desktop\nos\src\drivers\acpi\generate\msvc2017\acpisubsystem\nsalloc.obj
c:\users\loukd\desktop\nos\src\drivers\acpi\generate\msvc2017\acpisubsystem\nspredef.obj
c:\users\loukd\desktop\nos\src\drivers\acpi\generate\msvc2017\acpisubsystem\nsxfeval.obj
c:\users\loukd\desktop\nos\src\drivers\acpi\generate\msvc2017\acpisubsystem\psscope.obj
c:\users\loukd\desktop\nos\src\drivers\acpi\generate\msvc2017\acpisubsystem\rscreate.obj
c:\users\loukd\desktop\nos\src\drivers\acpi\generate\msvc2017\acpisubsystem\rsutils.obj
c:\users\loukd\desktop\nos\src\drivers\acpi\generate\msvc2017\acpisubsystem\tbprint.obj
c:\users\loukd\desktop\nos\src\drivers\acpi\generate\msvc2017\acpisubsystem\utbuffer.obj
c:\users\loukd\desktop\nos\src\drivers\acpi\generate\msvc2017\acpisubsystem\uteval.obj
c:\users\loukd\desktop\nos\src\drivers\acpi\generate\msvc2017\acpisubsystem\utmisc.obj
c:\users\loukd\desktop\nos\src\drivers\acpi\generate\msvc2017\acpisubsystem\utresrc.obj
c:\users\loukd\desktop\nos\src\drivers\acpi\generate\msvc2017\acpisubsystem\utxferror.obj
c:\users\loukd\desktop\nos\src\drivers\acpi\generate\msvc2017\acpisubsystem\acgetline.obj
c:\users\loukd\desktop\nos\src\drivers\acpi\generate\msvc2017\acpisubsystem\dbcmds.obj
c:\users\loukd\desktop\nos\src\drivers\acpi\generate\msvc2017\acpisubsystem\dbhistry.obj
c:\users\loukd\desktop\nos\src\drivers\acpi\generate\msvc2017\acpisubsystem\dbxface.obj
c:\users\loukd\desktop\nos\src\drivers\acpi\generate\msvc2017\acpisubsystem\dmresrcl2.obj
c:\users\loukd\desktop\nos\src\drivers\acpi\generate\msvc2017\acpisubsystem\dsinit.obj
c:\users\loukd\desktop\nos\src\drivers\acpi\generate\msvc2017\acpisubsystem\dswload.obj
c:\users\loukd\desktop\nos\src\drivers\acpi\generate\msvc2017\acpisubsystem\evgpe.obj
c:\users\loukd\desktop\nos\src\drivers\acpi\generate\msvc2017\acpisubsystem\evrgnini.obj
c:\users\loukd\desktop\nos\src\drivers\acpi\generate\msvc2017\acpisubsystem\excreate.obj
c:\users\loukd\desktop\nos\src\drivers\acpi\generate\msvc2017\acpisubsystem\exnames.obj
c:\users\loukd\desktop\nos\src\drivers\acpi\generate\msvc2017\acpisubsystem\exresolv.obj
c:\users\loukd\desktop\nos\src\drivers\acpi\generate\msvc2017\acpisubsystem\hwgpe.obj
c:\users\loukd\desktop\nos\src\drivers\acpi\generate\msvc2017\acpisubsystem\hwxface.obj
c:\users\loukd\desktop\nos\src\drivers\acpi\generate\msvc2017\acpisubsystem\nseval.obj
c:\users\loukd\desktop\nos\src\drivers\acpi\generate\msvc2017\acpisubsystem\nsrepair.obj
c:\users\loukd\desktop\nos\src\drivers\acpi\generate\msvc2017\acpisubsystem\psargs.obj
c:\users\loukd\desktop\nos\src\drivers\acpi\generate\msvc2017\acpisubsystem\pstree.obj
c:\users\loukd\desktop\nos\src\drivers\acpi\generate\msvc2017\acpisubsystem\rsdumpinfo.obj
c:\users\loukd\desktop\nos\src\drivers\acpi\generate\msvc2017\acpisubsystem\rsmemory.obj
c:\users\loukd\desktop\nos\src\drivers\acpi\generate\msvc2017\acpisubsystem\tbfadt.obj
c:\users\loukd\desktop\nos\src\drivers\acpi\generate\msvc2017\acpisubsystem\utascii.obj
c:\users\loukd\desktop\nos\src\drivers\acpi\generate\msvc2017\acpisubsystem\utdecode.obj
c:\users\loukd\desktop\nos\src\drivers\acpi\generate\msvc2017\acpisubsystem\utids.obj
c:\users\loukd\desktop\nos\src\drivers\acpi\generate\msvc2017\acpisubsystem\utosi.obj
c:\users\loukd\desktop\nos\src\drivers\acpi\generate\msvc2017\acpisubsystem\utstrtoul64.obj
c:\users\loukd\desktop\nos\src\drivers\acpi\generate\msvc2017\acpisubsystem\acpisubsystem.pdb
c:\users\loukd\desktop\nos\src\drivers\acpi\generate\msvc2017\acpisubsystem\acpisubsystem.lib
c:\users\loukd\desktop\nos\src\drivers\acpi\generate\msvc2017\x64\release\acpisubsystem.pdb
c:\users\loukd\desktop\nos\src\drivers\acpi\generate\msvc2017\x64\release\acpisubsystem.tlog\cl.24444.write.1.tlog
c:\users\loukd\desktop\nos\src\drivers\acpi\generate\msvc2017\x64\release\acpisubsystem.tlog\cl.command.1.tlog
c:\users\loukd\desktop\nos\src\drivers\acpi\generate\msvc2017\x64\release\acpisubsystem.tlog\cl.read.1.tlog
c:\users\loukd\desktop\nos\src\drivers\acpi\generate\msvc2017\x64\release\acpisubsystem.tlog\lib-link.read.1.tlog
c:\users\loukd\desktop\nos\src\drivers\acpi\generate\msvc2017\x64\release\acpisubsystem.tlog\lib-link.write.1.tlog
c:\users\loukd\desktop\nos\src\drivers\acpi\generate\msvc2017\x64\release\acpisubsystem.tlog\lib.command.1.tlog
